<?xml version="1.0" encoding="UTF-8"?>
<!-- Generated by org.testng.reporters.JUnitXMLReporter -->
<testsuite ignored="0" hostname="LIN76001689" failures="0" tests="3" name="Default test" time="36.737" errors="0" timestamp="2023-05-18T16:58:05 IST">
  <testcase classname="com.draganddrop.DragAndDrop" name="dragAndDrop" time="2.368"/>
  <testcase classname="com.actions.Actions_demo" name="qafox" time="3.58"/>
  <testcase classname="com.frames.Frames" name="frames" time="8.684"/>
</testsuite> <!-- Default test -->
